<?xml version="1.0" encoding="UTF-8"?>
<!-- Generated by org.testng.reporters.JUnitReportReporter -->
<testsuite hostname="Roar.local" failures="0" tests="1" name="testcases.LoginApp" time="14.262" errors="0" timestamp="20 Feb 2019 20:27:07 GMT" skipped="0">
  <testcase classname="testcases.LoginApp" name="Login" time="14.262"/>
</testsuite> <!-- testcases.LoginApp -->
